#
# There is insufficient memory for the Java Runtime Environment to continue.
# Native memory allocation (malloc) failed to allocate 992336 bytes for Chunk::new
# Possible reasons:
#   The system is out of physical RAM or swap space
#   In 32 bit mode, the process size limit was hit
# Possible solutions:
#   Reduce memory load on the system
#   Increase physical memory or swap space
#   Check if swap backing store is full
#   Use 64 bit Java on a 64 bit OS
#   Decrease Java heap size (-Xmx/-Xms)
#   Decrease number of Java threads
#   Decrease Java thread stack sizes (-Xss)
#   Set larger code cache with -XX:ReservedCodeCacheSize=
# This output file may be truncated or incomplete.
#
#  Out of Memory Error (allocation.cpp:390), pid=984, tid=0x00000000000000cc
#
# JRE version: OpenJDK Runtime Environment (8.0_152-b01) (build 1.8.0_152-release-1343-b01)
# Java VM: OpenJDK 64-Bit Server VM (25.152-b01 mixed mode windows-amd64 compressed oops)
# Failed to write core dump. Minidumps are not enabled by default on client versions of Windows
#

---------------  T H R E A D  ---------------

Current thread (0x0000000016aa9800):  JavaThread "C2 CompilerThread0" daemon [_thread_in_native, id=204, stack(0x00000000180f0000,0x00000000181f0000)]

Stack: [0x00000000180f0000,0x00000000181f0000]
[error occurred during error reporting (printing stack bounds), id 0xc0000005]

Native frames: (J=compiled Java code, j=interpreted, Vv=VM code, C=native code)


Current CompileTask:
C2:1642270 17404       4       com.android.utils.XmlUtils::append (540 bytes)


---------------  P R O C E S S  ---------------

Java Threads: ( => current thread )
  0x0000000018c2c000 JavaThread "ForkJoinPool.commonPool-worker-3" daemon [_thread_new, id=3312, stack(0x0000000000000000,0x0000000000000000)]
  0x0000000018c24800 JavaThread "Task worker for ':' Thread 3" [_thread_in_vm, id=1068, stack(0x000000002daa0000,0x000000002dba0000)]
  0x0000000018c21800 JavaThread "Task worker for ':' Thread 2" [_thread_blocked, id=6000, stack(0x000000002d9a0000,0x000000002daa0000)]
  0x0000000018622000 JavaThread "Task worker for ':'" [_thread_blocked, id=8956, stack(0x000000002d8a0000,0x000000002d9a0000)]
  0x0000000018621800 JavaThread "Cache worker for Build Output Cleanup Cache (C:\Users\user\Desktop\CurrentPlaceDetailsOnMap\.gradle\buildOutputCleanup)" [_thread_blocked, id=3732, stack(0x000000002d7a0000,0x000000002d8a0000)]
  0x0000000018620800 JavaThread "Cache worker for task history cache (C:\Users\user\Desktop\CurrentPlaceDetailsOnMap\.gradle\4.6\taskHistory)" [_thread_blocked, id=9008, stack(0x000000002d6a0000,0x000000002d7a0000)]
  0x0000000018620000 JavaThread "Cache worker for file content cache (C:\Users\user\Desktop\CurrentPlaceDetailsOnMap\.gradle\4.6\fileContent)" [_thread_blocked, id=3456, stack(0x000000002d5a0000,0x000000002d6a0000)]
  0x0000000018618000 JavaThread "Build operations Thread 4" [_thread_blocked, id=3856, stack(0x000000002d4a0000,0x000000002d5a0000)]
  0x000000001861f000 JavaThread "Build operations Thread 3" [_thread_blocked, id=8120, stack(0x000000002d3a0000,0x000000002d4a0000)]
  0x000000001861e000 JavaThread "Build operations Thread 2" [_thread_blocked, id=8660, stack(0x000000002d2a0000,0x000000002d3a0000)]
  0x0000000018616800 JavaThread "Build operations" [_thread_blocked, id=1852, stack(0x000000002d1a0000,0x000000002d2a0000)]
  0x000000001861d800 JavaThread "Cache worker for Artifact transforms cache (C:\Users\user\.gradle\caches\transforms-1)" [_thread_blocked, id=1364, stack(0x000000002d0a0000,0x000000002d1a0000)]
  0x0000000018617800 JavaThread "Cache worker for file hash cache (C:\Users\user\Desktop\CurrentPlaceDetailsOnMap\.gradle\4.6\fileHashes)" [_thread_blocked, id=2424, stack(0x000000002cfa0000,0x000000002d0a0000)]
  0x000000001861c000 JavaThread "Stdin handler" [_thread_blocked, id=7200, stack(0x000000002cea0000,0x000000002cfa0000)]
  0x000000001861c800 JavaThread "Asynchronous log dispatcher for DefaultDaemonConnection: socket connection from /127.0.0.1:50343 to /127.0.0.1:50465" [_thread_blocked, id=7500, stack(0x000000002cda0000,0x000000002cea0000)]
  0x000000001861b000 JavaThread "Daemon worker Thread 4" [_thread_blocked, id=8544, stack(0x000000002cca0000,0x000000002cda0000)]
  0x0000000018619000 JavaThread "Cancel handler" [_thread_blocked, id=6156, stack(0x000000002cba0000,0x000000002cca0000)]
  0x0000000018613000 JavaThread "Handler for socket connection from /127.0.0.1:50343 to /127.0.0.1:50465" [_thread_in_native, id=8408, stack(0x000000002caa0000,0x000000002cba0000)]
  0x0000000018616000 JavaThread "Daemon Thread 4" [_thread_blocked, id=8996, stack(0x000000002c9a0000,0x000000002caa0000)]
  0x0000000018614800 JavaThread "pool-1-thread-1" [_thread_blocked, id=3368, stack(0x0000000027390000,0x0000000027490000)]
  0x000000001b5ed800 JavaThread "Memory manager" [_thread_blocked, id=6104, stack(0x0000000021c30000,0x0000000021d30000)]
  0x00000000199f4800 JavaThread "File lock request listener" [_thread_in_native, id=7488, stack(0x000000001c510000,0x000000001c610000)]
  0x0000000019c89000 JavaThread "Cache worker for file hash cache (C:\Users\user\.gradle\caches\4.6\fileHashes)" [_thread_blocked, id=2736, stack(0x000000001c410000,0x000000001c510000)]
  0x00000000199a4000 JavaThread "Daemon periodic checks" [_thread_blocked, id=2292, stack(0x000000001a940000,0x000000001aa40000)]
  0x0000000019b09800 JavaThread "Incoming local TCP Connector on port 50343" [_thread_in_native, id=8540, stack(0x000000001a700000,0x000000001a800000)]
  0x0000000018418800 JavaThread "Service Thread" daemon [_thread_blocked, id=6812, stack(0x00000000187f0000,0x00000000188f0000)]
  0x0000000016aaa000 JavaThread "C1 CompilerThread2" daemon [_thread_blocked, id=4320, stack(0x00000000182f0000,0x00000000183f0000)]
  0x0000000016a9c800 JavaThread "C2 CompilerThread1" daemon [_thread_blocked, id=5840, stack(0x00000000181f0000,0x00000000182f0000)]
=>0x0000000016aa9800 JavaThread "C2 CompilerThread0" daemon [_thread_in_native, id=204, stack(0x00000000180f0000,0x00000000181f0000)]
  0x0000000016aa6800 JavaThread "Attach Listener" daemon [_thread_blocked, id=1868, stack(0x0000000017ff0000,0x00000000180f0000)]
  0x0000000016aa5000 JavaThread "Signal Dispatcher" daemon [_thread_blocked, id=7360, stack(0x0000000017ef0000,0x0000000017ff0000)]
  0x0000000016a89800 JavaThread "Finalizer" daemon [_thread_blocked, id=3964, stack(0x0000000017d00000,0x0000000017e00000)]
  0x0000000003122000 JavaThread "Reference Handler" daemon [_thread_blocked, id=904, stack(0x0000000017c00000,0x0000000017d00000)]
  0x000000000302d800 JavaThread "main" [_thread_blocked, id=7388, stack(0x0000000002eb0000,0x0000000002fb0000)]

Other Threads:
  0x0000000016a66800 VMThread [stack: 0x0000000017b00000,0x0000000017c00000] [id=7928]
  0x0000000016afd000 WatcherThread [stack: 0x00000000188f0000,0x00000000189f0000] [id=3460]

VM state:not at safepoint (normal execution)

VM Mutex/Monitor currently owned by a thread: None

Heap:
 PSYoungGen      total 384000K, used 279266K [0x00000000e0000000, 0x00000000ff300000, 0x0000000100000000)
  eden space 300032K, 83% used [0x00000000e0000000,0x00000000ef346770,0x00000000f2500000)
  from space 83968K, 35% used [0x00000000f2500000,0x00000000f42723b0,0x00000000f7700000)
  to   space 79360K, 0% used [0x00000000fa580000,0x00000000fa580000,0x00000000ff300000)
 ParOldGen       total 291328K, used 215872K [0x00000000a0000000, 0x00000000b1c80000, 0x00000000e0000000)
  object space 291328K, 74% used [0x00000000a0000000,0x00000000ad2d0298,0x00000000b1c80000)
 Metaspace       used 79220K, capacity 82122K, committed 82304K, reserved 1120256K
  class space    used 10147K, capacity 10767K, committed 10880K, reserved 1048576K

Card table byte_map: [0x00000000124f0000,0x0000000012800000] byte_map_base: 0x0000000011ff0000

Marking Bits: (ParMarkBitMap*) 0x000000006aea5aa0
 Begin Bits: [0x0000000012e00000, 0x0000000014600000)
 End Bits:   [0x0000000014600000, 0x0000000015e00000)

Polling page: 0x0000000001610000

CodeCache: size=245760Kb used=45881Kb max_used=45907Kb free=199878Kb
 bounds [0x0000000003130000, 0x0000000005e50000, 0x0000000012130000]
 total_blobs=14596 nmethods=13747 adapters=759
 compilation: enabled

Compilation events (10 events):
Event: 1641.136 Thread 0x0000000016a9c800 17408 %     4       sun.nio.cs.UTF_8$Encoder::encodeArrayLoop @ 109 (489 bytes)
Event: 1641.200 Thread 0x0000000016a9c800 nmethod 17408% 0x0000000005e09110 code [0x0000000005e09300, 0x0000000005e0a350]
Event: 1641.200 Thread 0x0000000016a9c800 17399       4       com.android.utils.XmlUtils$PositionAwareStringBuilder::append (45 bytes)
Event: 1641.211 Thread 0x0000000016a9c800 nmethod 17399 0x0000000005e08850 code [0x0000000005e089a0, 0x0000000005e08d98]
Event: 1641.211 Thread 0x0000000016a9c800 17401       4       com.android.utils.XmlUtils$PositionAwareStringBuilder::append (69 bytes)
Event: 1641.243 Thread 0x0000000016a9c800 nmethod 17401 0x0000000005e29c10 code [0x0000000005e29d80, 0x0000000005e2a4c8]
Event: 1641.243 Thread 0x0000000016a9c800 17381       4       com.sun.org.apache.xerces.internal.dom.DeferredTextImpl::synchronizeData (47 bytes)
Event: 1641.250 Thread 0x0000000016a9c800 nmethod 17381 0x0000000005e0ba90 code [0x0000000005e0bc00, 0x0000000005e0bee8]
Event: 1641.250 Thread 0x0000000016a9c800 17398       4       com.android.utils.XmlUtils::toXmlAttributeValue (89 bytes)
Event: 1641.266 Thread 0x0000000016a9c800 nmethod 17398 0x0000000005e29290 code [0x0000000005e29400, 0x0000000005e298b8]

GC Heap History (10 events):
Event: 202.780 GC heap before
{Heap before GC invocations=25 (full 4):
 PSYoungGen      total 306688K, used 248960K [0x00000000e0000000, 0x00000000f6d00000, 0x0000000100000000)
  eden space 248832K, 100% used [0x00000000e0000000,0x00000000ef300000,0x00000000ef300000)
  from space 57856K, 0% used [0x00000000f2c00000,0x00000000f2c20000,0x00000000f6480000)
  to   space 58368K, 0% used [0x00000000ef300000,0x00000000ef300000,0x00000000f2c00000)
 ParOldGen       total 291328K, used 164461K [0x00000000a0000000, 0x00000000b1c80000, 0x00000000e0000000)
  object space 291328K, 56% used [0x00000000a0000000,0x00000000aa09b6e8,0x00000000b1c80000)
 Metaspace       used 75897K, capacity 78652K, committed 78720K, reserved 1118208K
  class space    used 9964K, capacity 10578K, committed 10624K, reserved 1048576K
Event: 202.796 GC heap after
Heap after GC invocations=25 (full 4):
 PSYoungGen      total 307200K, used 8110K [0x00000000e0000000, 0x00000000fae80000, 0x0000000100000000)
  eden space 248832K, 0% used [0x00000000e0000000,0x00000000e0000000,0x00000000ef300000)
  from space 58368K, 13% used [0x00000000ef300000,0x00000000efaeba90,0x00000000f2c00000)
  to   space 56832K, 0% used [0x00000000f7700000,0x00000000f7700000,0x00000000fae80000)
 ParOldGen       total 291328K, used 164493K [0x00000000a0000000, 0x00000000b1c80000, 0x00000000e0000000)
  object space 291328K, 56% used [0x00000000a0000000,0x00000000aa0a36e8,0x00000000b1c80000)
 Metaspace       used 75897K, capacity 78652K, committed 78720K, reserved 1118208K
  class space    used 9964K, capacity 10578K, committed 10624K, reserved 1048576K
}
Event: 209.709 GC heap before
{Heap before GC invocations=26 (full 4):
 PSYoungGen      total 307200K, used 256942K [0x00000000e0000000, 0x00000000fae80000, 0x0000000100000000)
  eden space 248832K, 100% used [0x00000000e0000000,0x00000000ef300000,0x00000000ef300000)
  from space 58368K, 13% used [0x00000000ef300000,0x00000000efaeba90,0x00000000f2c00000)
  to   space 56832K, 0% used [0x00000000f7700000,0x00000000f7700000,0x00000000fae80000)
 ParOldGen       total 291328K, used 164493K [0x00000000a0000000, 0x00000000b1c80000, 0x00000000e0000000)
  object space 291328K, 56% used [0x00000000a0000000,0x00000000aa0a36e8,0x00000000b1c80000)
 Metaspace       used 76790K, capacity 79498K, committed 79872K, reserved 1118208K
  class space    used 10007K, capacity 10625K, committed 10752K, reserved 1048576K
Event: 209.903 GC heap after
Heap after GC invocations=26 (full 4):
 PSYoungGen      total 369664K, used 56820K [0x00000000e0000000, 0x00000000fc680000, 0x0000000100000000)
  eden space 312832K, 0% used [0x00000000e0000000,0x00000000e0000000,0x00000000f3180000)
  from space 56832K, 99% used [0x00000000f7700000,0x00000000fae7d180,0x00000000fae80000)
  to   space 71168K, 0% used [0x00000000f3180000,0x00000000f3180000,0x00000000f7700000)
 ParOldGen       total 291328K, used 175945K [0x00000000a0000000, 0x00000000b1c80000, 0x00000000e0000000)
  object space 291328K, 60% used [0x00000000a0000000,0x00000000aabd2560,0x00000000b1c80000)
 Metaspace       used 76790K, capacity 79498K, committed 79872K, reserved 1118208K
  class space    used 10007K, capacity 10625K, committed 10752K, reserved 1048576K
}
Event: 213.650 GC heap before
{Heap before GC invocations=27 (full 4):
 PSYoungGen      total 369664K, used 369597K [0x00000000e0000000, 0x00000000fc680000, 0x0000000100000000)
  eden space 312832K, 99% used [0x00000000e0000000,0x00000000f3172450,0x00000000f3180000)
  from space 56832K, 99% used [0x00000000f7700000,0x00000000fae7d180,0x00000000fae80000)
  to   space 71168K, 0% used [0x00000000f3180000,0x00000000f3180000,0x00000000f7700000)
 ParOldGen       total 291328K, used 175945K [0x00000000a0000000, 0x00000000b1c80000, 0x00000000e0000000)
  object space 291328K, 60% used [0x00000000a0000000,0x00000000aabd2560,0x00000000b1c80000)
 Metaspace       used 76844K, capacity 79626K, committed 79872K, reserved 1118208K
  class space    used 10007K, capacity 10625K, committed 10752K, reserved 1048576K
Event: 213.684 GC heap after
Heap after GC invocations=27 (full 4):
 PSYoungGen      total 384000K, used 10294K [0x00000000e0000000, 0x00000000fc680000, 0x0000000100000000)
  eden space 312832K, 0% used [0x00000000e0000000,0x00000000e0000000,0x00000000f3180000)
  from space 71168K, 14% used [0x00000000f3180000,0x00000000f3b8d910,0x00000000f7700000)
  to   space 56832K, 0% used [0x00000000f7700000,0x00000000f7700000,0x00000000fae80000)
 ParOldGen       total 291328K, used 182167K [0x00000000a0000000, 0x00000000b1c80000, 0x00000000e0000000)
  object space 291328K, 62% used [0x00000000a0000000,0x00000000ab1e5c28,0x00000000b1c80000)
 Metaspace       used 76844K, capacity 79626K, committed 79872K, reserved 1118208K
  class space    used 10007K, capacity 10625K, committed 10752K, reserved 1048576K
}
Event: 613.200 GC heap before
{Heap before GC invocations=28 (full 4):
 PSYoungGen      total 384000K, used 323126K [0x00000000e0000000, 0x00000000fc680000, 0x0000000100000000)
  eden space 312832K, 100% used [0x00000000e0000000,0x00000000f3180000,0x00000000f3180000)
  from space 71168K, 14% used [0x00000000f3180000,0x00000000f3b8d910,0x00000000f7700000)
  to   space 56832K, 0% used [0x00000000f7700000,0x00000000f7700000,0x00000000fae80000)
 ParOldGen       total 291328K, used 182167K [0x00000000a0000000, 0x00000000b1c80000, 0x00000000e0000000)
  object space 291328K, 62% used [0x00000000a0000000,0x00000000ab1e5c28,0x00000000b1c80000)
 Metaspace       used 77531K, capacity 80380K, committed 80640K, reserved 1120256K
  class space    used 10017K, capacity 10642K, committed 10752K, reserved 1048576K
Event: 613.373 GC heap after
Heap after GC invocations=28 (full 4):
 PSYoungGen      total 356864K, used 56811K [0x00000000e0000000, 0x0000000100000000, 0x0000000100000000)
  eden space 300032K, 0% used [0x00000000e0000000,0x00000000e0000000,0x00000000f2500000)
  from space 56832K, 99% used [0x00000000f7700000,0x00000000fae7af40,0x00000000fae80000)
  to   space 83968K, 0% used [0x00000000f2500000,0x00000000f2500000,0x00000000f7700000)
 ParOldGen       total 291328K, used 201802K [0x00000000a0000000, 0x00000000b1c80000, 0x00000000e0000000)
  object space 291328K, 69% used [0x00000000a0000000,0x00000000ac512a28,0x00000000b1c80000)
 Metaspace       used 77531K, capacity 80380K, committed 80640K, reserved 1120256K
  class space    used 10017K, capacity 10642K, committed 10752K, reserved 1048576K
}
Event: 616.455 GC heap before
{Heap before GC invocations=29 (full 4):
 PSYoungGen      total 356864K, used 356843K [0x00000000e0000000, 0x0000000100000000, 0x0000000100000000)
  eden space 300032K, 100% used [0x00000000e0000000,0x00000000f2500000,0x00000000f2500000)
  from space 56832K, 99% used [0x00000000f7700000,0x00000000fae7af40,0x00000000fae80000)
  to   space 83968K, 0% used [0x00000000f2500000,0x00000000f2500000,0x00000000f7700000)
 ParOldGen       total 291328K, used 201802K [0x00000000a0000000, 0x00000000b1c80000, 0x00000000e0000000)
  object space 291328K, 69% used [0x00000000a0000000,0x00000000ac512a28,0x00000000b1c80000)
 Metaspace       used 77555K, capacity 80450K, committed 80640K, reserved 1120256K
  class space    used 10018K, capacity 10643K, committed 10752K, reserved 1048576K
Event: 616.519 GC heap after
Heap after GC invocations=29 (full 4):
 PSYoungGen      total 384000K, used 30152K [0x00000000e0000000, 0x00000000ff300000, 0x0000000100000000)
  eden space 300032K, 0% used [0x00000000e0000000,0x00000000e0000000,0x00000000f2500000)
  from space 83968K, 35% used [0x00000000f2500000,0x00000000f42723b0,0x00000000f7700000)
  to   space 79360K, 0% used [0x00000000fa580000,0x00000000fa580000,0x00000000ff300000)
 ParOldGen       total 291328K, used 215872K [0x00000000a0000000, 0x00000000b1c80000, 0x00000000e0000000)
  object space 291328K, 74% used [0x00000000a0000000,0x00000000ad2d0298,0x00000000b1c80000)
 Metaspace       used 77555K, capacity 80450K, committed 80640K, reserved 1120256K
  class space    used 10018K, capacity 10643K, committed 10752K, reserved 1048576K
}

Deoptimization events (10 events):
Event: 1639.908 Thread 0x0000000018c24800 Uncommon trap: reason=unstable_if action=reinterpret pc=0x000000000410e5b8 method=com.sun.org.apache.xerces.internal.dom.DeferredDocumentImpl.clearChunkValue([[Ljava/lang/Object;II)Ljava/lang/String; @ 3
Event: 1639.915 Thread 0x0000000018c24800 Uncommon trap: reason=unstable_if action=reinterpret pc=0x0000000005c66ca8 method=com.sun.org.apache.xerces.internal.dom.ParentNode.nodeListItem(I)Lorg/w3c/dom/Node; @ 76
Event: 1639.915 Thread 0x0000000018c24800 Uncommon trap: reason=unstable_if action=reinterpret pc=0x0000000005c59c8c method=com.sun.org.apache.xerces.internal.dom.ParentNode.nodeListItem(I)Lorg/w3c/dom/Node; @ 139
Event: 1640.122 Thread 0x0000000018c24800 Uncommon trap: reason=null_check action=make_not_entrant pc=0x0000000005ded7b8 method=com.android.ide.common.resources.NodeUtils.processSingleNodeNamespace(Lorg/w3c/dom/Node;Lorg/w3c/dom/Document;)Z @ 8
Event: 1640.292 Thread 0x0000000018c24800 Uncommon trap: reason=unstable_if action=reinterpret pc=0x0000000005902cd4 method=com.sun.org.apache.xerces.internal.dom.NamedNodeMapImpl.getLength()I @ 4
Event: 1640.355 Thread 0x0000000018c24800 Uncommon trap: reason=unstable_if action=reinterpret pc=0x0000000005df0b2c method=com.sun.org.apache.xerces.internal.dom.CharacterDataImpl.getNodeValue()Ljava/lang/String; @ 4
Event: 1640.731 Thread 0x0000000018c24800 Uncommon trap: reason=class_check action=maybe_recompile pc=0x0000000005d4c0c4 method=java.io.Writer.append(Ljava/lang/CharSequence;)Ljava/io/Writer; @ 20
Event: 1640.732 Thread 0x0000000018c24800 Uncommon trap: reason=unstable_if action=reinterpret pc=0x0000000005d39048 method=sun.nio.cs.UTF_8$Encoder.encodeArrayLoop(Ljava/nio/CharBuffer;Ljava/nio/ByteBuffer;)Ljava/nio/charset/CoderResult; @ 87
Event: 1640.824 Thread 0x0000000018c24800 Uncommon trap: reason=unstable_if action=reinterpret pc=0x0000000005d3c0d0 method=sun.nio.cs.UTF_8$Encoder.encodeArrayLoop(Ljava/nio/CharBuffer;Ljava/nio/ByteBuffer;)Ljava/nio/charset/CoderResult; @ 87
Event: 1641.378 Thread 0x0000000018c24800 Uncommon trap: reason=bimorphic action=maybe_recompile pc=0x00000000058ec944 method=java.util.concurrent.ForkJoinTask$AdaptedRunnableAction.exec()Z @ 4

Classes redefined (0 events):
No events

Internal exceptions (10 events):
Event: 1628.757 Thread 0x000000001861b000 Exception <a 'sun/nio/fs/WindowsException'> (0x00000000e2b40f10) thrown at [D:\src\AOSP-openjdk-cygwin\jdk8u\hotspot\src\share\vm\prims\jni.cpp, line 709]
Event: 1628.758 Thread 0x000000001861b000 Exception <a 'sun/nio/fs/WindowsException'> (0x00000000e2b41c00) thrown at [D:\src\AOSP-openjdk-cygwin\jdk8u\hotspot\src\share\vm\prims\jni.cpp, line 709]
Event: 1635.609 Thread 0x0000000018c24800 Implicit null exception at 0x0000000005bcffc0 to 0x0000000005bd0181
Event: 1635.764 Thread 0x0000000018c24800 Implicit null exception at 0x0000000005bdfe75 to 0x0000000005bdfef9
Event: 1636.613 Thread 0x0000000018c24800 Implicit null exception at 0x0000000005c5b68d to 0x0000000005c5bdff
Event: 1639.794 Thread 0x0000000018c24800 Implicit null exception at 0x0000000005c12ca3 to 0x0000000005c13399
Event: 1639.900 Thread 0x0000000018c24800 Implicit null exception at 0x0000000005be69c3 to 0x0000000005be6b7d
Event: 1639.908 Thread 0x0000000018c24800 Implicit null exception at 0x000000000410e41e to 0x000000000410e5a1
Event: 1640.122 Thread 0x0000000018c24800 Implicit null exception at 0x0000000005dec87b to 0x0000000005ded7a9
Event: 1640.292 Thread 0x0000000018c24800 Implicit null exception at 0x0000000005902c90 to 0x0000000005902cc1

Events (10 events):
Event: 1641.379 loading class com/android/build/gradle/internal/res/Aapt2CompileWithBlameRunnable$run$1
Event: 1641.379 loading class com/android/build/gradle/internal/res/Aapt2CompileWithBlameRunnable$run$1 done
Event: 1641.389 loading class com/android/builder/internal/aapt/v2/Aapt2DaemonImpl
Event: 1641.389 loading class com/android/builder/internal/aapt/v2/Aapt2DaemonImpl done
Event: 1641.392 loading class com/android/builder/internal/aapt/v2/Aapt2Daemon
Event: 1641.392 loading class com/android/builder/internal/aapt/v2/Aapt2Daemon done
Event: 1641.393 loading class com/android/builder/internal/aapt/v2/Aapt2
Event: 1641.393 loading class com/android/builder/internal/aapt/v2/Aapt2 done
Event: 1641.395 loading class kotlin/NoWhenBranchMatchedException
Event: 1641.395 loading class kotlin/NoWhenBranchMatchedException done


Dynamic libraries:
0x00007ff667a00000 - 0x00007ff667a31000 	C:\Program Files\Android\Android Studio\jre\bin\java.exe
0x00007ffde4a70000 - 0x00007ffde4c51000 	C:\WINDOWS\SYSTEM32\ntdll.dll
0x00007ffde3350000 - 0x00007ffde3401000 	C:\WINDOWS\System32\KERNEL32.DLL
0x00007ffde0f50000 - 0x00007ffde11c3000 	C:\WINDOWS\System32\KERNELBASE.dll
0x00007ffde4200000 - 0x00007ffde42a1000 	C:\WINDOWS\System32\ADVAPI32.dll
0x00007ffde3a80000 - 0x00007ffde3b1e000 	C:\WINDOWS\System32\msvcrt.dll
0x00007ffde3a20000 - 0x00007ffde3a7b000 	C:\WINDOWS\System32\sechost.dll
0x00007ffde4700000 - 0x00007ffde4824000 	C:\WINDOWS\System32\RPCRT4.dll
0x00007ffde3d50000 - 0x00007ffde3ee0000 	C:\WINDOWS\System32\USER32.dll
0x00007ffde0e80000 - 0x00007ffde0ea0000 	C:\WINDOWS\System32\win32u.dll
0x00007ffde4900000 - 0x00007ffde4928000 	C:\WINDOWS\System32\GDI32.dll
0x00007ffde1370000 - 0x00007ffde1501000 	C:\WINDOWS\System32\gdi32full.dll
0x00007ffde11d0000 - 0x00007ffde126f000 	C:\WINDOWS\System32\msvcp_win.dll
0x00007ffde1270000 - 0x00007ffde1368000 	C:\WINDOWS\System32\ucrtbase.dll
0x00007ffdd1630000 - 0x00007ffdd1899000 	C:\WINDOWS\WinSxS\amd64_microsoft.windows.common-controls_6595b64144ccf1df_6.0.17134.1067_none_d401a3eb7c8ebdea\COMCTL32.dll
0x00007ffde3690000 - 0x00007ffde39b1000 	C:\WINDOWS\System32\combase.dll
0x00007ffde1e70000 - 0x00007ffde1ee9000 	C:\WINDOWS\System32\bcryptPrimitives.dll
0x00007ffde4a00000 - 0x00007ffde4a2d000 	C:\WINDOWS\System32\IMM32.DLL
0x000000006a520000 - 0x000000006a5f2000 	C:\Program Files\Android\Android Studio\jre\jre\bin\msvcr100.dll
0x000000006a6e0000 - 0x000000006af21000 	C:\Program Files\Android\Android Studio\jre\jre\bin\server\jvm.dll
0x00007ffde1ef0000 - 0x00007ffde1ef8000 	C:\WINDOWS\System32\PSAPI.DLL
0x00007ffddd4e0000 - 0x00007ffddd4e9000 	C:\WINDOWS\SYSTEM32\WSOCK32.dll
0x00007ffddd820000 - 0x00007ffddd843000 	C:\WINDOWS\SYSTEM32\WINMM.dll
0x00007ffdd3740000 - 0x00007ffdd374a000 	C:\WINDOWS\SYSTEM32\VERSION.dll
0x00007ffde3ce0000 - 0x00007ffde3d4c000 	C:\WINDOWS\System32\WS2_32.dll
0x00007ffddd7f0000 - 0x00007ffddd81a000 	C:\WINDOWS\SYSTEM32\WINMMBASE.dll
0x00007ffde0e30000 - 0x00007ffde0e79000 	C:\WINDOWS\System32\cfgmgr32.dll
0x00007ffdd42f0000 - 0x00007ffdd42ff000 	C:\Program Files\Android\Android Studio\jre\jre\bin\verify.dll
0x00007ffdcbfc0000 - 0x00007ffdcbfe9000 	C:\Program Files\Android\Android Studio\jre\jre\bin\java.dll
0x00007ffdd42d0000 - 0x00007ffdd42e6000 	C:\Program Files\Android\Android Studio\jre\jre\bin\zip.dll
0x00007ffde1f00000 - 0x00007ffde3344000 	C:\WINDOWS\System32\SHELL32.dll
0x00007ffde4930000 - 0x00007ffde49d9000 	C:\WINDOWS\System32\shcore.dll
0x00007ffde1510000 - 0x00007ffde1c20000 	C:\WINDOWS\System32\windows.storage.dll
0x00007ffde3b20000 - 0x00007ffde3b71000 	C:\WINDOWS\System32\shlwapi.dll
0x00007ffde0df0000 - 0x00007ffde0e01000 	C:\WINDOWS\System32\kernel.appcore.dll
0x00007ffde0dd0000 - 0x00007ffde0def000 	C:\WINDOWS\System32\profapi.dll
0x00007ffde0d80000 - 0x00007ffde0dcc000 	C:\WINDOWS\System32\powrprof.dll
0x00007ffde0d70000 - 0x00007ffde0d7a000 	C:\WINDOWS\System32\FLTLIB.DLL
0x00007ffdcbef0000 - 0x00007ffdcbf0a000 	C:\Program Files\Android\Android Studio\jre\jre\bin\net.dll
0x00007ffde05f0000 - 0x00007ffde0656000 	C:\WINDOWS\system32\mswsock.dll
0x00007ffdc3190000 - 0x00007ffdc31a1000 	C:\Program Files\Android\Android Studio\jre\jre\bin\nio.dll
0x00007ffdd97f0000 - 0x00007ffdd980e000 	C:\Users\user\.gradle\native\25\windows-amd64\native-platform.dll
0x00007ffddd900000 - 0x00007ffddd90d000 	C:\Program Files\Android\Android Studio\jre\jre\bin\management.dll
0x00007ffde07a0000 - 0x00007ffde07b7000 	C:\WINDOWS\SYSTEM32\CRYPTSP.dll
0x00007ffde01a0000 - 0x00007ffde01d3000 	C:\WINDOWS\system32\rsaenh.dll
0x00007ffde08d0000 - 0x00007ffde08f5000 	C:\WINDOWS\SYSTEM32\bcrypt.dll
0x00007ffde0ca0000 - 0x00007ffde0cc8000 	C:\WINDOWS\SYSTEM32\USERENV.dll
0x00007ffde07c0000 - 0x00007ffde07cb000 	C:\WINDOWS\SYSTEM32\CRYPTBASE.dll
0x00007ffde0340000 - 0x00007ffde0378000 	C:\WINDOWS\SYSTEM32\IPHLPAPI.DLL
0x00007ffde35a0000 - 0x00007ffde35a8000 	C:\WINDOWS\System32\NSI.dll
0x00007ffddbea0000 - 0x00007ffddbeb6000 	C:\WINDOWS\SYSTEM32\dhcpcsvc6.DLL
0x00007ffddbe80000 - 0x00007ffddbe9a000 	C:\WINDOWS\SYSTEM32\dhcpcsvc.DLL

VM Arguments:
jvm_args: -Xmx1536m -Dfile.encoding=windows-1252 -Duser.country=US -Duser.language=en -Duser.variant 
java_command: org.gradle.launcher.daemon.bootstrap.GradleDaemon 4.6
java_class_path (initial): C:\Users\user\.gradle\wrapper\dists\gradle-4.6-all\bcst21l2brirad8k2ben1letg\gradle-4.6\lib\gradle-launcher-4.6.jar
Launcher Type: SUN_STANDARD

Environment Variables:
JAVA_HOME=C:\Program Files\AdoptOpenJDK\jdk-11.0.4.11-hotspot\
PATH=C:\Program Files\AdoptOpenJDK\jdk-11.0.4.11-hotspot\bin;C:\WINDOWS\system32;C:\WINDOWS;C:\WINDOWS\System32\Wbem;C:\WINDOWS\System32\WindowsPowerShell\v1.0\;C:\WINDOWS\System32\OpenSSH\;C:\Program Files\nodejs\;C:\Users\user\AppData\Local\Microsoft\WindowsApps;;C:\Users\user\AppData\Local\Programs\Microsoft VS Code\bin;C:\Users\user\AppData\Roaming\npm
USERNAME=user
OS=Windows_NT
PROCESSOR_IDENTIFIER=Intel64 Family 6 Model 58 Stepping 9, GenuineIntel



---------------  S Y S T E M  ---------------

OS: Windows 10.0 , 64 bit Build 17134 (10.0.17134.753)

CPU:total 4 (initial active 4) (2 cores per cpu, 2 threads per core) family 6 model 58 stepping 9, cmov, cx8, fxsr, mmx, sse, sse2, sse3, ssse3, sse4.1, sse4.2, popcnt, avx, aes, clmul, erms, ht, tsc, tscinvbit, tscinv

Memory: 4k page, physical 8012224k(1146792k free), swap 8012224k(5616k free)

vm_info: OpenJDK 64-Bit Server VM (25.152-b01) for windows-amd64 JRE (1.8.0_152-release-1343-b01), built by "builder" with MS VC++ 10.0 (VS2010)

time: Sun Oct 27 17:51:27 2019
elapsed time: 1641 seconds (0d 0h 27m 21s)

